<?xml version="1.0" encoding="UTF-8"?>
<!-- Generated by org.testng.reporters.JUnitXMLReporter -->
<testsuite ignored="0" hostname="DESKTOP-HIN4ESK" failures="0" tests="4" name="ExecutionTests" time="0.059" errors="0" timestamp="2024-08-21T11:36:36 IST">
  <testcase classname="Employee_Test.TC_007_EmployeeTest" name="createEmployee" time="0.016"/>
  <testcase classname="Employee_Test.TC_007_EmployeeTest" name="deleteEmployee" time="0.001"/>
  <testcase classname="Employee_Test.TC_007_EmployeeTest" name="getEmployeeDetails" time="0.001"/>
  <testcase classname="Employee_Test.TC_007_EmployeeTest" name="updateEmployee" time="0.002"/>
</testsuite> <!-- ExecutionTests -->
