<?xml version="1.0" encoding="UTF-8"?>
<!-- Generated by org.testng.reporters.JUnitXMLReporter -->
<testsuite ignored="0" hostname="DESKTOP-HIN4ESK" failures="0" tests="4" name="regression" time="0.007" errors="0" timestamp="2024-08-21T11:57:08 IST">
  <testcase classname="Employee_Test.TC_007_EmployeeTest" name="createEmployee" time="0.001"/>
  <testcase classname="Employee_Test.TC_007_EmployeeTest" name="deleteEmployee" time="0.0"/>
  <testcase classname="Employee_Test.TC_007_EmployeeTest" name="getEmployeeDetails" time="0.001"/>
  <testcase classname="Employee_Test.TC_007_EmployeeTest" name="updateEmployee" time="0.001"/>
</testsuite> <!-- regression -->
