<?xml version="1.0" encoding="UTF-8"?>
<!-- Generated by org.testng.reporters.JUnitXMLReporter -->
<testsuite ignored="2" hostname="DESKTOP-HIN4ESK" failures="0" tests="2" name="SmokeTests" time="0.048" errors="0" timestamp="2024-08-21T11:41:33 IST">
  <testcase classname="Employee_Test.TC_007_EmployeeTest" name="createEmployee" time="0.012"/>
  <testcase classname="Employee_Test.TC_007_EmployeeTest" name="getEmployeeDetails" time="0.001"/>
  <testcase classname="Employee_Test.TC_007_EmployeeTest" name="updateEmployee" time="0.0">
    <ignored/>
  </testcase> <!-- updateEmployee -->
  <testcase classname="Employee_Test.TC_007_EmployeeTest" name="deleteEmployee" time="0.0">
    <ignored/>
  </testcase> <!-- deleteEmployee -->
</testsuite> <!-- SmokeTests -->
