<?xml version="1.0" encoding="UTF-8"?>
<testng-results ignored="5" total="12" passed="7" failed="0" skipped="0">
  <reporter-output>
  </reporter-output>
  <suite started-at="2024-08-21T11:57:08 IST" name="ExecutionSuite" finished-at="2024-08-21T11:57:08 IST" duration-ms="106">
    <groups>
      <group name="critical">
        <method signature="TC_007_EmployeeTest.deleteEmployee()[pri:0, instance:Employee_Test.TC_007_EmployeeTest@74e28667]" name="deleteEmployee" class="Employee_Test.TC_007_EmployeeTest"/>
        <method signature="TC_007_EmployeeTest.deleteEmployee()[pri:0, instance:Employee_Test.TC_007_EmployeeTest@5149d738]" name="deleteEmployee" class="Employee_Test.TC_007_EmployeeTest"/>
      </group> <!-- critical -->
      <group name="regression">
        <method signature="TC_007_EmployeeTest.createEmployee()[pri:0, instance:Employee_Test.TC_007_EmployeeTest@771a660]" name="createEmployee" class="Employee_Test.TC_007_EmployeeTest"/>
        <method signature="TC_007_EmployeeTest.getEmployeeDetails()[pri:0, instance:Employee_Test.TC_007_EmployeeTest@771a660]" name="getEmployeeDetails" class="Employee_Test.TC_007_EmployeeTest"/>
        <method signature="TC_007_EmployeeTest.createEmployee()[pri:0, instance:Employee_Test.TC_007_EmployeeTest@74e28667]" name="createEmployee" class="Employee_Test.TC_007_EmployeeTest"/>
        <method signature="TC_007_EmployeeTest.deleteEmployee()[pri:0, instance:Employee_Test.TC_007_EmployeeTest@74e28667]" name="deleteEmployee" class="Employee_Test.TC_007_EmployeeTest"/>
        <method signature="TC_007_EmployeeTest.getEmployeeDetails()[pri:0, instance:Employee_Test.TC_007_EmployeeTest@74e28667]" name="getEmployeeDetails" class="Employee_Test.TC_007_EmployeeTest"/>
        <method signature="TC_007_EmployeeTest.updateEmployee()[pri:0, instance:Employee_Test.TC_007_EmployeeTest@74e28667]" name="updateEmployee" class="Employee_Test.TC_007_EmployeeTest"/>
        <method signature="TC_007_EmployeeTest.deleteEmployee()[pri:0, instance:Employee_Test.TC_007_EmployeeTest@5149d738]" name="deleteEmployee" class="Employee_Test.TC_007_EmployeeTest"/>
      </group> <!-- regression -->
      <group name="smoke">
        <method signature="TC_007_EmployeeTest.createEmployee()[pri:0, instance:Employee_Test.TC_007_EmployeeTest@771a660]" name="createEmployee" class="Employee_Test.TC_007_EmployeeTest"/>
        <method signature="TC_007_EmployeeTest.getEmployeeDetails()[pri:0, instance:Employee_Test.TC_007_EmployeeTest@771a660]" name="getEmployeeDetails" class="Employee_Test.TC_007_EmployeeTest"/>
        <method signature="TC_007_EmployeeTest.createEmployee()[pri:0, instance:Employee_Test.TC_007_EmployeeTest@74e28667]" name="createEmployee" class="Employee_Test.TC_007_EmployeeTest"/>
        <method signature="TC_007_EmployeeTest.getEmployeeDetails()[pri:0, instance:Employee_Test.TC_007_EmployeeTest@74e28667]" name="getEmployeeDetails" class="Employee_Test.TC_007_EmployeeTest"/>
      </group> <!-- smoke -->
    </groups>
    <test started-at="2024-08-21T11:57:08 IST" name="smoke" finished-at="2024-08-21T11:57:08 IST" duration-ms="31">
      <class name="Employee_Test.TC_007_EmployeeTest">
        <test-method signature="createEmployee()[pri:0, instance:Employee_Test.TC_007_EmployeeTest@771a660]" started-at="2024-08-21T11:57:08 IST" name="createEmployee" finished-at="2024-08-21T11:57:08 IST" duration-ms="7" status="PASS">
          <reporter-output>
          </reporter-output>
        </test-method> <!-- createEmployee -->
        <test-method signature="getEmployeeDetails()[pri:0, instance:Employee_Test.TC_007_EmployeeTest@771a660]" started-at="2024-08-21T11:57:08 IST" name="getEmployeeDetails" finished-at="2024-08-21T11:57:08 IST" duration-ms="1" status="PASS">
          <reporter-output>
          </reporter-output>
        </test-method> <!-- getEmployeeDetails -->
      </class> <!-- Employee_Test.TC_007_EmployeeTest -->
    </test> <!-- smoke -->
    <test started-at="2024-08-21T11:57:08 IST" name="regression" finished-at="2024-08-21T11:57:08 IST" duration-ms="7">
      <class name="Employee_Test.TC_007_EmployeeTest">
        <test-method signature="createEmployee()[pri:0, instance:Employee_Test.TC_007_EmployeeTest@74e28667]" started-at="2024-08-21T11:57:08 IST" name="createEmployee" finished-at="2024-08-21T11:57:08 IST" duration-ms="1" status="PASS">
          <reporter-output>
          </reporter-output>
        </test-method> <!-- createEmployee -->
        <test-method signature="deleteEmployee()[pri:0, instance:Employee_Test.TC_007_EmployeeTest@74e28667]" started-at="2024-08-21T11:57:08 IST" name="deleteEmployee" finished-at="2024-08-21T11:57:08 IST" duration-ms="0" status="PASS">
          <reporter-output>
          </reporter-output>
        </test-method> <!-- deleteEmployee -->
        <test-method signature="getEmployeeDetails()[pri:0, instance:Employee_Test.TC_007_EmployeeTest@74e28667]" started-at="2024-08-21T11:57:08 IST" name="getEmployeeDetails" finished-at="2024-08-21T11:57:08 IST" duration-ms="1" status="PASS">
          <reporter-output>
          </reporter-output>
        </test-method> <!-- getEmployeeDetails -->
        <test-method signature="updateEmployee()[pri:0, instance:Employee_Test.TC_007_EmployeeTest@74e28667]" started-at="2024-08-21T11:57:08 IST" name="updateEmployee" finished-at="2024-08-21T11:57:08 IST" duration-ms="1" status="PASS">
          <reporter-output>
          </reporter-output>
        </test-method> <!-- updateEmployee -->
      </class> <!-- Employee_Test.TC_007_EmployeeTest -->
    </test> <!-- regression -->
    <test started-at="2024-08-21T11:57:08 IST" name="critical" finished-at="2024-08-21T11:57:08 IST" duration-ms="3">
      <class name="Employee_Test.TC_007_EmployeeTest">
        <test-method signature="deleteEmployee()[pri:0, instance:Employee_Test.TC_007_EmployeeTest@5149d738]" started-at="2024-08-21T11:57:08 IST" name="deleteEmployee" finished-at="2024-08-21T11:57:08 IST" duration-ms="1" status="PASS">
          <reporter-output>
          </reporter-output>
        </test-method> <!-- deleteEmployee -->
      </class> <!-- Employee_Test.TC_007_EmployeeTest -->
    </test> <!-- critical -->
  </suite> <!-- ExecutionSuite -->
</testng-results>
